<?xml version="1.0" encoding="UTF-8"?>
<testsuite name="Newtours Register User" tests="1" skipped="0" failures="0" errors="0" timestamp="2018-10-24T22:06:14" hostname="RC-PC" time="23.127">
  <properties/>
  <testcase name="Title of your scenario outline" classname="Newtours Register User" time="23.127"/>
  <system-out><![CDATA[]]></system-out>
  <system-err><![CDATA[oct 24, 2018 5:06:14 PM org.openqa.selenium.remote.DesiredCapabilities chrome
INFORMACIÓN: Using `new ChromeOptions()` is preferred to `DesiredCapabilities.chrome()`
oct 24, 2018 5:06:16 PM org.openqa.selenium.remote.ProtocolHandshake createSession
INFORMACIÓN: Detected dialect: OSS
[Test worker] INFO net.thucydides.core.steps.ConsoleLoggingListener - 
        __    _____ _____ ____ _____   ____   _    ____  ____  _____ ____  
  _     \ \  |_   _| ____/ ___|_   _| |  _ \ / \  / ___|/ ___|| ____|  _ \ 
 (_)_____| |   | | |  _| \___ \ | |   | |_) / _ \ \___ \\___ \|  _| | | | |
  _|_____| |   | | | |___ ___) || |   |  __/ ___ \ ___) |___) | |___| |_| |
 (_)     | |   |_| |_____|____/ |_|   |_| /_/   \_\____/|____/|_____|____/ 
        /_/                                                                

TEST PASSED: Title of your scenario outline
----------------------------------------------------------------------------
]]></system-err>
</testsuite>
