<?xml version="1.0" encoding="UTF-8"?>
<testsuite name="Newtours Loggin" tests="1" skipped="0" failures="0" errors="0" timestamp="2018-10-24T22:05:57" hostname="RC-PC" time="16.78">
  <properties/>
  <testcase name="Enter the register flight page" classname="Newtours Loggin" time="16.78"/>
  <system-out><![CDATA[]]></system-out>
  <system-err><![CDATA[oct 24, 2018 5:05:57 PM org.openqa.selenium.remote.DesiredCapabilities chrome
INFORMACIÓN: Using `new ChromeOptions()` is preferred to `DesiredCapabilities.chrome()`
Starting ChromeDriver 2.42.591088 (7b2b2dca23cca0862f674758c9a3933e685c27d5) on port 48576
Only local connections are allowed.
oct 24, 2018 5:06:00 PM org.openqa.selenium.remote.ProtocolHandshake createSession
INFORMACIÓN: Detected dialect: OSS
[Test worker] INFO net.thucydides.core.steps.ConsoleLoggingListener - 
        __    _____ _____ ____ _____   ____   _    ____  ____  _____ ____  
  _     \ \  |_   _| ____/ ___|_   _| |  _ \ / \  / ___|/ ___|| ____|  _ \ 
 (_)_____| |   | | |  _| \___ \ | |   | |_) / _ \ \___ \\___ \|  _| | | | |
  _|_____| |   | | | |___ ___) || |   |  __/ ___ \ ___) |___) | |___| |_| |
 (_)     | |   |_| |_____|____/ |_|   |_| /_/   \_\____/|____/|_____|____/ 
        /_/                                                                

TEST PASSED: Enter the register flight page
----------------------------------------------------------------------------
]]></system-err>
</testsuite>
